(---------------------------------------------------------------------)
(                                                                     )
(    Create_devices LOG file                                          )
(                                                                     )
(    Drawing          : RK_NVR_DEMO1_RK3588_LP4XD200P232SD8_V21_20211228_final_lint.brd )
(    Software Version : 16.6-2015S108                                 )
(    Date/Time        : Tue Feb 07 17:29:23 2023                      )
(                                                                     )
(---------------------------------------------------------------------)



Device file 'D:/Hardware/个人项目/2023/02.武汉图科5目全景拼接/RK3588/01_Official Release/04_Product Line Branch_NVR/LIB/soc_rk3588_bga1088_23r00x23r00x.txt': written successfully.
Device file 'D:/Hardware/个人项目/2023/02.武汉图科5目全景拼接/RK3588/01_Official Release/04_Product Line Branch_NVR/LIB/capnp_c0805_47uf.txt': written successfully.
Device file 'D:/Hardware/个人项目/2023/02.武汉图科5目全景拼接/RK3588/01_Official Release/04_Product Line Branch_NVR/LIB/capnp_c0402_10pf.txt': written successfully.
Device file 'D:/Hardware/个人项目/2023/02.武汉图科5目全景拼接/RK3588/01_Official Release/04_Product Line Branch_NVR/LIB/jm_0_open_jm.txt': written successfully.
Device file 'D:/Hardware/个人项目/2023/02.武汉图科5目全景拼接/RK3588/01_Official Release/04_Product Line Branch_NVR/LIB/dcdc_rk860_wlcsp20_1r65x2r05x_1.txt': written successfully.
Device file 'D:/Hardware/个人项目/2023/02.武汉图科5目全景拼接/RK3588/01_Official Release/04_Product Line Branch_NVR/LIB/capnp_c1206_22uf.txt': written successfully.
Device file 'D:/Hardware/个人项目/2023/02.武汉图科5目全景拼接/RK3588/01_Official Release/04_Product Line Branch_NVR/LIB/usb30_type_a_v_2_usb30a9_25r70x.txt': written successfully.
Device file 'D:/Hardware/个人项目/2023/02.武汉图科5目全景拼接/RK3588/01_Official Release/04_Product Line Branch_NVR/LIB/capnp_c0402_bga_1uf.txt': written successfully.
Device file 'D:/Hardware/个人项目/2023/02.武汉图科5目全景拼接/RK3588/01_Official Release/04_Product Line Branch_NVR/LIB/diodebi_dirtrig_esd0402_az582.txt': written successfully.
Device file 'D:/Hardware/个人项目/2023/02.武汉图科5目全景拼接/RK3588/01_Official Release/04_Product Line Branch_NVR/LIB/resistor_r0805_001r.txt': written successfully.
Device file 'D:/Hardware/个人项目/2023/02.武汉图科5目全景拼接/RK3588/01_Official Release/04_Product Line Branch_NVR/LIB/resistor_r0402_33r.txt': written successfully.
Device file 'D:/Hardware/个人项目/2023/02.武汉图科5目全景拼接/RK3588/01_Official Release/04_Product Line Branch_NVR/LIB/resistor_r0402_110k.txt': written successfully.
Device file 'D:/Hardware/个人项目/2023/02.武汉图科5目全景拼接/RK3588/01_Official Release/04_Product Line Branch_NVR/LIB/dcdc_rk860_wlcsp20_1r65x2r05x0r.txt': written successfully.
Device file 'D:/Hardware/个人项目/2023/02.武汉图科5目全景拼接/RK3588/01_Official Release/04_Product Line Branch_NVR/LIB/capnp_c0402_3pf.txt': written successfully.
Device file 'D:/Hardware/个人项目/2023/02.武汉图科5目全景拼接/RK3588/01_Official Release/04_Product Line Branch_NVR/LIB/hdmi_type_a_0_hdmia19_51r019s_h.txt': written successfully.
Device file 'D:/Hardware/个人项目/2023/02.武汉图科5目全景拼接/RK3588/01_Official Release/04_Product Line Branch_NVR/LIB/capnp_c0402_220pf.txt': written successfully.
Device file 'D:/Hardware/个人项目/2023/02.武汉图科5目全景拼接/RK3588/01_Official Release/04_Product Line Branch_NVR/LIB/diodebi_dirtrig_esd0402_esd53.txt': written successfully.
Device file 'D:/Hardware/个人项目/2023/02.武汉图科5目全景拼接/RK3588/01_Official Release/04_Product Line Branch_NVR/LIB/diodebi_dirtrig_esd0402_esd_1.txt': written successfully.
Device file 'D:/Hardware/个人项目/2023/02.武汉图科5目全景拼接/RK3588/01_Official Release/04_Product Line Branch_NVR/LIB/usb30_type-creceptacle_0_typec.txt': written successfully.
Device file 'D:/Hardware/个人项目/2023/02.武汉图科5目全景拼接/RK3588/01_Official Release/04_Product Line Branch_NVR/LIB/inductorsofferrite_ind_707028.txt': written successfully.
Device file 'D:/Hardware/个人项目/2023/02.武汉图科5目全景拼接/RK3588/01_Official Release/04_Product Line Branch_NVR/LIB/inductorsofferrite_ind_606045.txt': written successfully.
Device file 'D:/Hardware/个人项目/2023/02.武汉图科5目全景拼接/RK3588/01_Official Release/04_Product Line Branch_NVR/LIB/inductorsofferrite_ind_6060_1.txt': written successfully.
Device file 'D:/Hardware/个人项目/2023/02.武汉图科5目全景拼接/RK3588/01_Official Release/04_Product Line Branch_NVR/LIB/resistor_r0402_43k.txt': written successfully.
Device file 'D:/Hardware/个人项目/2023/02.武汉图科5目全景拼接/RK3588/01_Official Release/04_Product Line Branch_NVR/LIB/resistor_r0402_75k.txt': written successfully.
Device file 'D:/Hardware/个人项目/2023/02.武汉图科5目全景拼接/RK3588/01_Official Release/04_Product Line Branch_NVR/LIB/resistor_r0402_30k.txt': written successfully.
Device file 'D:/Hardware/个人项目/2023/02.武汉图科5目全景拼接/RK3588/01_Official Release/04_Product Line Branch_NVR/LIB/resistor_r0201_100k.txt': written successfully.
Device file 'D:/Hardware/个人项目/2023/02.武汉图科5目全景拼接/RK3588/01_Official Release/04_Product Line Branch_NVR/LIB/resistor_r0201_2m.txt': written successfully.
Device file 'D:/Hardware/个人项目/2023/02.武汉图科5目全景拼接/RK3588/01_Official Release/04_Product Line Branch_NVR/LIB/resistor_r0402_56k.txt': written successfully.
Device file 'D:/Hardware/个人项目/2023/02.武汉图科5目全景拼接/RK3588/01_Official Release/04_Product Line Branch_NVR/LIB/mp8759_6_qfn12_2r00x3r00x1r00_m.txt': written successfully.
Device file 'D:/Hardware/个人项目/2023/02.武汉图科5目全景拼接/RK3588/01_Official Release/04_Product Line Branch_NVR/LIB/usb_fusb302b_mlp14_2r50x2r50x0r.txt': written successfully.
Device file 'D:/Hardware/个人项目/2023/02.武汉图科5目全景拼接/RK3588/01_Official Release/04_Product Line Branch_NVR/LIB/it6161_qfn56_8r00x8r00x0r90_t_i.txt': written successfully.
Device file 'D:/Hardware/个人项目/2023/02.武汉图科5目全景拼接/RK3588/01_Official Release/04_Product Line Branch_NVR/LIB/resistor_r0201_499r.txt': written successfully.
Device file 'D:/Hardware/个人项目/2023/02.武汉图科5目全景拼接/RK3588/01_Official Release/04_Product Line Branch_NVR/LIB/spi_flash_8pin_t_0_wson8_8r00x6.txt': written successfully.
Device file 'D:/Hardware/个人项目/2023/02.武汉图科5目全景拼接/RK3588/01_Official Release/04_Product Line Branch_NVR/LIB/capnp_c0805_22uf.txt': written successfully.
Device file 'D:/Hardware/个人项目/2023/02.武汉图科5目全景拼接/RK3588/01_Official Release/04_Product Line Branch_NVR/LIB/pmic_rk806_qfn68_7r00x7r00x0r80.txt': written successfully.
Device file 'D:/Hardware/个人项目/2023/02.武汉图科5目全景拼接/RK3588/01_Official Release/04_Product Line Branch_NVR/LIB/capnp_c0402_bga_10uf.txt': written successfully.
Device file 'D:/Hardware/个人项目/2023/02.武汉图科5目全景拼接/RK3588/01_Official Release/04_Product Line Branch_NVR/LIB/capnp_c0402_bga_47uf.txt': written successfully.
Device file 'D:/Hardware/个人项目/2023/02.武汉图科5目全景拼接/RK3588/01_Official Release/04_Product Line Branch_NVR/LIB/radiator_fan_2_radiator_fan_65r.txt': written successfully.
Device file 'D:/Hardware/个人项目/2023/02.武汉图科5目全景拼接/RK3588/01_Official Release/04_Product Line Branch_NVR/LIB/header4_0_cn4m_2r54_v_dip_con4.txt': written successfully.
Device file 'D:/Hardware/个人项目/2023/02.武汉图科5目全景拼接/RK3588/01_Official Release/04_Product Line Branch_NVR/LIB/inductorsofferrite_ind_322512.txt': written successfully.
Device file 'D:/Hardware/个人项目/2023/02.武汉图科5目全景拼接/RK3588/01_Official Release/04_Product Line Branch_NVR/LIB/usb20_type_a_usb20a4_ua04-dhf-p.txt': written successfully.
Device file 'D:/Hardware/个人项目/2023/02.武汉图科5目全景拼接/RK3588/01_Official Release/04_Product Line Branch_NVR/LIB/beep_0_beep_650_beep.txt': written successfully.
Device file 'D:/Hardware/个人项目/2023/02.武汉图科5目全景拼接/RK3588/01_Official Release/04_Product Line Branch_NVR/LIB/capnp_c0603_22uf.txt': written successfully.
Device file 'D:/Hardware/个人项目/2023/02.武汉图科5目全景拼接/RK3588/01_Official Release/04_Product Line Branch_NVR/LIB/cap_e_e7_100uf.txt': written successfully.
Device file 'D:/Hardware/个人项目/2023/02.武汉图科5目全景拼接/RK3588/01_Official Release/04_Product Line Branch_NVR/LIB/capnp_c0603_100nf.txt': written successfully.
Device file 'D:/Hardware/个人项目/2023/02.武汉图科5目全景拼接/RK3588/01_Official Release/04_Product Line Branch_NVR/LIB/cap_e_c6_120uf.txt': written successfully.
Device file 'D:/Hardware/个人项目/2023/02.武汉图科5目全景拼接/RK3588/01_Official Release/04_Product Line Branch_NVR/LIB/capnp_c1206_10uf.txt': written successfully.
Device file 'D:/Hardware/个人项目/2023/02.武汉图科5目全景拼接/RK3588/01_Official Release/04_Product Line Branch_NVR/LIB/capnp_c0402_220nf.txt': written successfully.
Device file 'D:/Hardware/个人项目/2023/02.武汉图科5目全景拼接/RK3588/01_Official Release/04_Product Line Branch_NVR/LIB/capnp_c0805_22uf__1.txt': written successfully.
Device file 'D:/Hardware/个人项目/2023/02.武汉图科5目全景拼接/RK3588/01_Official Release/04_Product Line Branch_NVR/LIB/capnp_c0603_47uf.txt': written successfully.
Device file 'D:/Hardware/个人项目/2023/02.武汉图科5目全景拼接/RK3588/01_Official Release/04_Product Line Branch_NVR/LIB/capnp_c0402_100pf.txt': written successfully.
Device file 'D:/Hardware/个人项目/2023/02.武汉图科5目全景拼接/RK3588/01_Official Release/04_Product Line Branch_NVR/LIB/capnp_c0402_10nf.txt': written successfully.
Device file 'D:/Hardware/个人项目/2023/02.武汉图科5目全景拼接/RK3588/01_Official Release/04_Product Line Branch_NVR/LIB/capnp_c0402_1nf.txt': written successfully.
Device file 'D:/Hardware/个人项目/2023/02.武汉图科5目全景拼接/RK3588/01_Official Release/04_Product Line Branch_NVR/LIB/capnp_c0402_12pf.txt': written successfully.
Device file 'D:/Hardware/个人项目/2023/02.武汉图科5目全景拼接/RK3588/01_Official Release/04_Product Line Branch_NVR/LIB/capnp_c0402_dnp.txt': written successfully.
Device file 'D:/Hardware/个人项目/2023/02.武汉图科5目全景拼接/RK3588/01_Official Release/04_Product Line Branch_NVR/LIB/capnp_c0402_22uf.txt': written successfully.
Device file 'D:/Hardware/个人项目/2023/02.武汉图科5目全景拼接/RK3588/01_Official Release/04_Product Line Branch_NVR/LIB/capnp_c0805_10uf.txt': written successfully.
Device file 'D:/Hardware/个人项目/2023/02.武汉图科5目全景拼接/RK3588/01_Official Release/04_Product Line Branch_NVR/LIB/capnp_c0201_05pf.txt': written successfully.
Device file 'D:/Hardware/个人项目/2023/02.武汉图科5目全景拼接/RK3588/01_Official Release/04_Product Line Branch_NVR/LIB/capnp_c1206l_1000pf.txt': written successfully.
Device file 'D:/Hardware/个人项目/2023/02.武汉图科5目全景拼接/RK3588/01_Official Release/04_Product Line Branch_NVR/LIB/capnp_c0402_22pf.txt': written successfully.
Device file 'D:/Hardware/个人项目/2023/02.武汉图科5目全景拼接/RK3588/01_Official Release/04_Product Line Branch_NVR/LIB/capnp_c0402_47nf.txt': written successfully.
Device file 'D:/Hardware/个人项目/2023/02.武汉图科5目全景拼接/RK3588/01_Official Release/04_Product Line Branch_NVR/LIB/diodebi_dirtrig_esd0402_esd54.txt': written successfully.
Device file 'D:/Hardware/个人项目/2023/02.武汉图科5目全景拼接/RK3588/01_Official Release/04_Product Line Branch_NVR/LIB/diode_do_214ac_ss32.txt': written successfully.
Device file 'D:/Hardware/个人项目/2023/02.武汉图科5目全景拼接/RK3588/01_Official Release/04_Product Line Branch_NVR/LIB/diodedouble_sot_23_bat54c.txt': written successfully.
Device file 'D:/Hardware/个人项目/2023/02.武汉图科5目全景拼接/RK3588/01_Official Release/04_Product Line Branch_NVR/LIB/diode_sod_323_b5819ws.txt': written successfully.
Device file 'D:/Hardware/个人项目/2023/02.武汉图科5目全景拼接/RK3588/01_Official Release/04_Product Line Branch_NVR/LIB/diode_sod_523_rb520s-30.txt': written successfully.
Device file 'D:/Hardware/个人项目/2023/02.武汉图科5目全景拼接/RK3588/01_Official Release/04_Product Line Branch_NVR/LIB/diode_sod_123_b5819w.txt': written successfully.
Device file 'D:/Hardware/个人项目/2023/02.武汉图科5目全景拼接/RK3588/01_Official Release/04_Product Line Branch_NVR/LIB/ba301n_3_smb_f_bs3500ncf.txt': written successfully.
Device file 'D:/Hardware/个人项目/2023/02.武汉图科5目全景拼接/RK3588/01_Official Release/04_Product Line Branch_NVR/LIB/ba301n_1_ba301n_ba301n.txt': written successfully.
Device file 'D:/Hardware/个人项目/2023/02.武汉图科5目全景拼接/RK3588/01_Official Release/04_Product Line Branch_NVR/LIB/diodebi_dirtrig_sod_323_udd32.txt': written successfully.
Device file 'D:/Hardware/个人项目/2023/02.武汉图科5目全景拼接/RK3588/01_Official Release/04_Product Line Branch_NVR/LIB/fuse_f8050_jk-smd200l.txt': written successfully.
Device file 'D:/Hardware/个人项目/2023/02.武汉图科5目全景拼接/RK3588/01_Official Release/04_Product Line Branch_NVR/LIB/bead_l0603_120r-100mhz.txt': written successfully.
Device file 'D:/Hardware/个人项目/2023/02.武汉图科5目全景拼接/RK3588/01_Official Release/04_Product Line Branch_NVR/LIB/hole_hole_c3r20_c6r00_hole_3r20.txt': written successfully.
Device file 'D:/Hardware/个人项目/2023/02.武汉图科5目全景拼接/RK3588/01_Official Release/04_Product Line Branch_NVR/LIB/irm_0_ij3_irm_3638_irm_3638.txt': written successfully.
Device file 'D:/Hardware/个人项目/2023/02.武汉图科5目全景拼接/RK3588/01_Official Release/04_Product Line Branch_NVR/LIB/dcjack_3p_dc3_dc_0007_5p_dc-000.txt': written successfully.
Device file 'D:/Hardware/个人项目/2023/02.武汉图科5目全景拼接/RK3588/01_Official Release/04_Product Line Branch_NVR/LIB/con4_8_cnn4f_4r20_v_h_dip_atxpo.txt': written successfully.
Device file 'D:/Hardware/个人项目/2023/02.武汉图科5目全景拼接/RK3588/01_Official Release/04_Product Line Branch_NVR/LIB/sata_ide_dip_0_sata-ide4m_5r08_.txt': written successfully.
Device file 'D:/Hardware/个人项目/2023/02.武汉图科5目全景拼接/RK3588/01_Official Release/04_Product Line Branch_NVR/LIB/con_battery-20mm_bat_cr1220_cr1.txt': written successfully.
Device file 'D:/Hardware/个人项目/2023/02.武汉图科5目全景拼接/RK3588/01_Official Release/04_Product Line Branch_NVR/LIB/hdmi_type_a_0_hdmia19_hdmi_01a_.txt': written successfully.
Device file 'D:/Hardware/个人项目/2023/02.武汉图科5目全景拼接/RK3588/01_Official Release/04_Product Line Branch_NVR/LIB/rjsae5f8002_rj45_sae5f8002_rjsa.txt': written successfully.
Device file 'D:/Hardware/个人项目/2023/02.武汉图科5目全景拼接/RK3588/01_Official Release/04_Product Line Branch_NVR/LIB/jp_av1-8_14-5g_pj3_rca_2x1_pj3.txt': written successfully.
Device file 'D:/Hardware/个人项目/2023/02.武汉图科5目全景拼接/RK3588/01_Official Release/04_Product Line Branch_NVR/LIB/sata_dip_0_sata30_7p_v_dip_sata.txt': written successfully.
Device file 'D:/Hardware/个人项目/2023/02.武汉图科5目全景拼接/RK3588/01_Official Release/04_Product Line Branch_NVR/LIB/pciex4_1_pcie64_x4_smt_pcie-smt.txt': written successfully.
Device file 'D:/Hardware/个人项目/2023/02.武汉图科5目全景拼接/RK3588/01_Official Release/04_Product Line Branch_NVR/LIB/con3_1x3_cn3m_2r54_v_dip_cn3m_2.txt': written successfully.
Device file 'D:/Hardware/个人项目/2023/02.武汉图科5目全景拼接/RK3588/01_Official Release/04_Product Line Branch_NVR/LIB/con20_0_cnn10m_2r54_v_dip_p101-.txt': written successfully.
Device file 'D:/Hardware/个人项目/2023/02.武汉图科5目全景拼接/RK3588/01_Official Release/04_Product Line Branch_NVR/LIB/usb20_mini_usb20min5_usb_m5_03_.txt': written successfully.
Device file 'D:/Hardware/个人项目/2023/02.武汉图科5目全景拼接/RK3588/01_Official Release/04_Product Line Branch_NVR/LIB/con4_0_cn4m_2r54_v_p_dip_cn4m_2.txt': written successfully.
Device file 'D:/Hardware/个人项目/2023/02.武汉图科5目全景拼接/RK3588/01_Official Release/04_Product Line Branch_NVR/LIB/con3_1x3_cn3m_2r54_v_p_dip_cn3m.txt': written successfully.
Device file 'D:/Hardware/个人项目/2023/02.武汉图科5目全景拼接/RK3588/01_Official Release/04_Product Line Branch_NVR/LIB/powermeasurement_6_cnn60_0r80_b.txt': written successfully.
Device file 'D:/Hardware/个人项目/2023/02.武汉图科5目全景拼接/RK3588/01_Official Release/04_Product Line Branch_NVR/LIB/inductorsofferrite_ind_404026.txt': written successfully.
Device file 'D:/Hardware/个人项目/2023/02.武汉图科5目全景拼接/RK3588/01_Official Release/04_Product Line Branch_NVR/LIB/inductorsofferrite_ind_201610.txt': written successfully.
Device file 'D:/Hardware/个人项目/2023/02.武汉图科5目全景拼接/RK3588/01_Official Release/04_Product Line Branch_NVR/LIB/inductorsofferrite_ind_303015.txt': written successfully.
Device file 'D:/Hardware/个人项目/2023/02.武汉图科5目全景拼接/RK3588/01_Official Release/04_Product Line Branch_NVR/LIB/led_led0603_led_green.txt': written successfully.
Device file 'D:/Hardware/个人项目/2023/02.武汉图科5目全景拼接/RK3588/01_Official Release/04_Product Line Branch_NVR/LIB/led_led0603_led_blue.txt': written successfully.
Device file 'D:/Hardware/个人项目/2023/02.武汉图科5目全景拼接/RK3588/01_Official Release/04_Product Line Branch_NVR/LIB/led_led0603_led_red.txt': written successfully.
Device file 'D:/Hardware/个人项目/2023/02.武汉图科5目全景拼接/RK3588/01_Official Release/04_Product Line Branch_NVR/LIB/mark_mark_mark.txt': written successfully.
Device file 'D:/Hardware/个人项目/2023/02.武汉图科5目全景拼接/RK3588/01_Official Release/04_Product Line Branch_NVR/LIB/mosfetn_sot_323_2sk3018.txt': written successfully.
Device file 'D:/Hardware/个人项目/2023/02.武汉图科5目全景拼接/RK3588/01_Official Release/04_Product Line Branch_NVR/LIB/mosfetp_sot_23_wpm2015-3tr.txt': written successfully.
Device file 'D:/Hardware/个人项目/2023/02.武汉图科5目全景拼接/RK3588/01_Official Release/04_Product Line Branch_NVR/LIB/npn_sot_23_s8050.txt': written successfully.
Device file 'D:/Hardware/个人项目/2023/02.武汉图科5目全景拼接/RK3588/01_Official Release/04_Product Line Branch_NVR/LIB/mosfetp_sot_23_wpm3407-3tr.txt': written successfully.
Device file 'D:/Hardware/个人项目/2023/02.武汉图科5目全景拼接/RK3588/01_Official Release/04_Product Line Branch_NVR/LIB/resistor_r0402_510k.txt': written successfully.
Device file 'D:/Hardware/个人项目/2023/02.武汉图科5目全景拼接/RK3588/01_Official Release/04_Product Line Branch_NVR/LIB/resistor_r0402_0r.txt': written successfully.
Device file 'D:/Hardware/个人项目/2023/02.武汉图科5目全景拼接/RK3588/01_Official Release/04_Product Line Branch_NVR/LIB/resistor_r0402_100k.txt': written successfully.
Device file 'D:/Hardware/个人项目/2023/02.武汉图科5目全景拼接/RK3588/01_Official Release/04_Product Line Branch_NVR/LIB/resistor_r0402_120k.txt': written successfully.
Device file 'D:/Hardware/个人项目/2023/02.武汉图科5目全景拼接/RK3588/01_Official Release/04_Product Line Branch_NVR/LIB/resistor_r0201_22k.txt': written successfully.
Device file 'D:/Hardware/个人项目/2023/02.武汉图科5目全景拼接/RK3588/01_Official Release/04_Product Line Branch_NVR/LIB/resistor_r0201_22r.txt': written successfully.
Device file 'D:/Hardware/个人项目/2023/02.武汉图科5目全景拼接/RK3588/01_Official Release/04_Product Line Branch_NVR/LIB/resistor_r0402_dnp.txt': written successfully.
Device file 'D:/Hardware/个人项目/2023/02.武汉图科5目全景拼接/RK3588/01_Official Release/04_Product Line Branch_NVR/LIB/resistor_r0402_100r.txt': written successfully.
Device file 'D:/Hardware/个人项目/2023/02.武汉图科5目全景拼接/RK3588/01_Official Release/04_Product Line Branch_NVR/LIB/resistor_r1210_2r.txt': written successfully.
Device file 'D:/Hardware/个人项目/2023/02.武汉图科5目全景拼接/RK3588/01_Official Release/04_Product Line Branch_NVR/LIB/resistor_r1206_0r.txt': written successfully.
Device file 'D:/Hardware/个人项目/2023/02.武汉图科5目全景拼接/RK3588/01_Official Release/04_Product Line Branch_NVR/LIB/resistor_r0603_10k.txt': written successfully.
Device file 'D:/Hardware/个人项目/2023/02.武汉图科5目全景拼接/RK3588/01_Official Release/04_Product Line Branch_NVR/LIB/resistor_r0402_33r__1.txt': written successfully.
Device file 'D:/Hardware/个人项目/2023/02.武汉图科5目全景拼接/RK3588/01_Official Release/04_Product Line Branch_NVR/LIB/resistor_r2512_001r.txt': written successfully.
Device file 'D:/Hardware/个人项目/2023/02.武汉图科5目全景拼接/RK3588/01_Official Release/04_Product Line Branch_NVR/LIB/resistor_r0402_22k.txt': written successfully.
Device file 'D:/Hardware/个人项目/2023/02.武汉图科5目全景拼接/RK3588/01_Official Release/04_Product Line Branch_NVR/LIB/resistor_r0402_51k.txt': written successfully.
Device file 'D:/Hardware/个人项目/2023/02.武汉图科5目全景拼接/RK3588/01_Official Release/04_Product Line Branch_NVR/LIB/resistor_r0805_002r.txt': written successfully.
Device file 'D:/Hardware/个人项目/2023/02.武汉图科5目全景拼接/RK3588/01_Official Release/04_Product Line Branch_NVR/LIB/resistor_r1206_001r.txt': written successfully.
Device file 'D:/Hardware/个人项目/2023/02.武汉图科5目全景拼接/RK3588/01_Official Release/04_Product Line Branch_NVR/LIB/resistor_r0402_20k.txt': written successfully.
Device file 'D:/Hardware/个人项目/2023/02.武汉图科5目全景拼接/RK3588/01_Official Release/04_Product Line Branch_NVR/LIB/resistor_r0603_002r.txt': written successfully.
Device file 'D:/Hardware/个人项目/2023/02.武汉图科5目全景拼接/RK3588/01_Official Release/04_Product Line Branch_NVR/LIB/resistor_r0603_005r.txt': written successfully.
Device file 'D:/Hardware/个人项目/2023/02.武汉图科5目全景拼接/RK3588/01_Official Release/04_Product Line Branch_NVR/LIB/resistor_r1210_001r.txt': written successfully.
Device file 'D:/Hardware/个人项目/2023/02.武汉图科5目全景拼接/RK3588/01_Official Release/04_Product Line Branch_NVR/LIB/resistor_r0805_0r.txt': written successfully.
Device file 'D:/Hardware/个人项目/2023/02.武汉图科5目全景拼接/RK3588/01_Official Release/04_Product Line Branch_NVR/LIB/resistor_r0402_47k.txt': written successfully.
Device file 'D:/Hardware/个人项目/2023/02.武汉图科5目全景拼接/RK3588/01_Official Release/04_Product Line Branch_NVR/LIB/resistor_r0402_470k.txt': written successfully.
Device file 'D:/Hardware/个人项目/2023/02.武汉图科5目全景拼接/RK3588/01_Official Release/04_Product Line Branch_NVR/LIB/resistor_r0402_18k.txt': written successfully.
Device file 'D:/Hardware/个人项目/2023/02.武汉图科5目全景拼接/RK3588/01_Official Release/04_Product Line Branch_NVR/LIB/resistor_r0402_12k.txt': written successfully.
Device file 'D:/Hardware/个人项目/2023/02.武汉图科5目全景拼接/RK3588/01_Official Release/04_Product Line Branch_NVR/LIB/resistor_r0402_27k.txt': written successfully.
Device file 'D:/Hardware/个人项目/2023/02.武汉图科5目全景拼接/RK3588/01_Official Release/04_Product Line Branch_NVR/LIB/resistor_r0402_12k__1.txt': written successfully.
Device file 'D:/Hardware/个人项目/2023/02.武汉图科5目全景拼接/RK3588/01_Official Release/04_Product Line Branch_NVR/LIB/resistor_r0402_105k.txt': written successfully.
Device file 'D:/Hardware/个人项目/2023/02.武汉图科5目全景拼接/RK3588/01_Official Release/04_Product Line Branch_NVR/LIB/resistor_r0402_150k.txt': written successfully.
Device file 'D:/Hardware/个人项目/2023/02.武汉图科5目全景拼接/RK3588/01_Official Release/04_Product Line Branch_NVR/LIB/resistor_r0805_75r.txt': written successfully.
Device file 'D:/Hardware/个人项目/2023/02.武汉图科5目全景拼接/RK3588/01_Official Release/04_Product Line Branch_NVR/LIB/resistor_r0402_120r.txt': written successfully.
Device file 'D:/Hardware/个人项目/2023/02.武汉图科5目全景拼接/RK3588/01_Official Release/04_Product Line Branch_NVR/LIB/resistor_r0402_249k.txt': written successfully.
Device file 'D:/Hardware/个人项目/2023/02.武汉图科5目全景拼接/RK3588/01_Official Release/04_Product Line Branch_NVR/LIB/resistor_r0402_33k.txt': written successfully.
Device file 'D:/Hardware/个人项目/2023/02.武汉图科5目全景拼接/RK3588/01_Official Release/04_Product Line Branch_NVR/LIB/resistor_r0402_232k.txt': written successfully.
Device file 'D:/Hardware/个人项目/2023/02.武汉图科5目全景拼接/RK3588/01_Official Release/04_Product Line Branch_NVR/LIB/resistor_r0402_499k.txt': written successfully.
Device file 'D:/Hardware/个人项目/2023/02.武汉图科5目全景拼接/RK3588/01_Official Release/04_Product Line Branch_NVR/LIB/resistor_r0402_1k.txt': written successfully.
Device file 'D:/Hardware/个人项目/2023/02.武汉图科5目全景拼接/RK3588/01_Official Release/04_Product Line Branch_NVR/LIB/resistor_r0402_33k__1.txt': written successfully.
Device file 'D:/Hardware/个人项目/2023/02.武汉图科5目全景拼接/RK3588/01_Official Release/04_Product Line Branch_NVR/LIB/resistor_r1206_604r.txt': written successfully.
Device file 'D:/Hardware/个人项目/2023/02.武汉图科5目全景拼接/RK3588/01_Official Release/04_Product Line Branch_NVR/LIB/smtso_smtso_m3_c4r1_c6r0_l5r0_s.txt': written successfully.
Device file 'D:/Hardware/个人项目/2023/02.武汉图科5目全景拼接/RK3588/01_Official Release/04_Product Line Branch_NVR/LIB/key_2pin_sw2_6r00x3r70x2r50_ts-.txt': written successfully.
Device file 'D:/Hardware/个人项目/2023/02.武汉图科5目全景拼接/RK3588/01_Official Release/04_Product Line Branch_NVR/LIB/key_4pin_sw4_6r50x7r00x7r10_ts-.txt': written successfully.
Device file 'D:/Hardware/个人项目/2023/02.武汉图科5目全景拼接/RK3588/01_Official Release/04_Product Line Branch_NVR/LIB/dcdc_sy8088_sot_23_5_eta3409sy.txt': written successfully.
Device file 'D:/Hardware/个人项目/2023/02.武汉图科5目全景拼接/RK3588/01_Official Release/04_Product Line Branch_NVR/LIB/rtc_hym8563_tssop8_3r10x3r10x1r.txt': written successfully.
Device file 'D:/Hardware/个人项目/2023/02.武汉图科5目全景拼接/RK3588/01_Official Release/04_Product Line Branch_NVR/LIB/switch_sy6280_sot_23_5_sy6280aa.txt': written successfully.
Device file 'D:/Hardware/个人项目/2023/02.武汉图科5目全景拼接/RK3588/01_Official Release/04_Product Line Branch_NVR/LIB/inand_emmc_153_2l_bga153_13rx11.txt': written successfully.
Device file 'D:/Hardware/个人项目/2023/02.武汉图科5目全景拼接/RK3588/01_Official Release/04_Product Line Branch_NVR/LIB/61082-08_cnn80m_0r80_61082_6108.txt': written successfully.
Device file 'D:/Hardware/个人项目/2023/02.武汉图科5目全景拼接/RK3588/01_Official Release/04_Product Line Branch_NVR/LIB/it6563fn_qfn56_7r00x7r00x0r90_t.txt': written successfully.
Device file 'D:/Hardware/个人项目/2023/02.武汉图科5目全景拼接/RK3588/01_Official Release/04_Product Line Branch_NVR/LIB/ethernet_h5007_soic24_17r53x12r.txt': written successfully.
Device file 'D:/Hardware/个人项目/2023/02.武汉图科5目全景拼接/RK3588/01_Official Release/04_Product Line Branch_NVR/LIB/ethernet_rtl8211f_qfn40_5r00x5r.txt': written successfully.
Device file 'D:/Hardware/个人项目/2023/02.武汉图科5目全景拼接/RK3588/01_Official Release/04_Product Line Branch_NVR/LIB/codec_es8316_1_qfn20_3r00x3r00x.txt': written successfully.
Device file 'D:/Hardware/个人项目/2023/02.武汉图科5目全景拼接/RK3588/01_Official Release/04_Product Line Branch_NVR/LIB/jmb575_qfn64_9r00x9r00x0r90_t_j.txt': written successfully.
Device file 'D:/Hardware/个人项目/2023/02.武汉图科5目全景拼接/RK3588/01_Official Release/04_Product Line Branch_NVR/LIB/spi_flash_8pin_t_0_wson8_8r00_1.txt': written successfully.
Device file 'D:/Hardware/个人项目/2023/02.武汉图科5目全景拼接/RK3588/01_Official Release/04_Product Line Branch_NVR/LIB/ldo_pt5108_sot_23_5_pt5108e23e-.txt': written successfully.
Device file 'D:/Hardware/个人项目/2023/02.武汉图科5目全景拼接/RK3588/01_Official Release/04_Product Line Branch_NVR/LIB/dcdc_sy8113_sot_23_6_sy8113bsm.txt': written successfully.
Device file 'D:/Hardware/个人项目/2023/02.武汉图科5目全景拼接/RK3588/01_Official Release/04_Product Line Branch_NVR/LIB/interface_ft232rl_ssop28_10r20x.txt': written successfully.
Device file 'D:/Hardware/个人项目/2023/02.武汉图科5目全景拼接/RK3588/01_Official Release/04_Product Line Branch_NVR/LIB/max3485_0_sop8_4r00x5r00x1r75_s.txt': written successfully.
Device file 'D:/Hardware/个人项目/2023/02.武汉图科5目全景拼接/RK3588/01_Official Release/04_Product Line Branch_NVR/LIB/max3232sit3232e_ssop16_5r60x6r.txt': written successfully.
Device file 'D:/Hardware/个人项目/2023/02.武汉图科5目全景拼接/RK3588/01_Official Release/04_Product Line Branch_NVR/LIB/crystal_2p_cry2_3r20x1r50x0r90_.txt': written successfully.
Device file 'D:/Hardware/个人项目/2023/02.武汉图科5目全景拼接/RK3588/01_Official Release/04_Product Line Branch_NVR/LIB/crystal_4p_cry4_3r20x2r50x0r8_1.txt': written successfully.
Device file 'D:/Hardware/个人项目/2023/02.武汉图科5目全景拼接/RK3588/01_Official Release/04_Product Line Branch_NVR/LIB/crystal_4p_cry4_3r20x2r50x0r8_2.txt': written successfully.
Device file 'D:/Hardware/个人项目/2023/02.武汉图科5目全景拼接/RK3588/01_Official Release/04_Product Line Branch_NVR/LIB/resistor_r0402_1m.txt': written successfully.
Device file 'D:/Hardware/个人项目/2023/02.武汉图科5目全景拼接/RK3588/01_Official Release/04_Product Line Branch_NVR/LIB/tp_tp_0r70_tp_07.txt': written successfully.
Device file 'D:/Hardware/个人项目/2023/02.武汉图科5目全景拼接/RK3588/01_Official Release/04_Product Line Branch_NVR/LIB/crystal_4p_cry4_3r20x2r50x0r80_.txt': written successfully.
Device file 'D:/Hardware/个人项目/2023/02.武汉图科5目全景拼接/RK3588/01_Official Release/04_Product Line Branch_NVR/LIB/capnp_c0201_220nf.txt': written successfully.
Device file 'D:/Hardware/个人项目/2023/02.武汉图科5目全景拼接/RK3588/01_Official Release/04_Product Line Branch_NVR/LIB/capnp_c0402_100nf.txt': written successfully.
Device file 'D:/Hardware/个人项目/2023/02.武汉图科5目全景拼接/RK3588/01_Official Release/04_Product Line Branch_NVR/LIB/capnp_c0402_18pf.txt': written successfully.
Device file 'D:/Hardware/个人项目/2023/02.武汉图科5目全景拼接/RK3588/01_Official Release/04_Product Line Branch_NVR/LIB/capnp_c0201_10nf.txt': written successfully.
Device file 'D:/Hardware/个人项目/2023/02.武汉图科5目全景拼接/RK3588/01_Official Release/04_Product Line Branch_NVR/LIB/esd_esd5304d_son10_2r50x1r00x0r.txt': written successfully.
Device file 'D:/Hardware/个人项目/2023/02.武汉图科5目全景拼接/RK3588/01_Official Release/04_Product Line Branch_NVR/LIB/inductorcom_rp2_0405_nc.txt': written successfully.
Device file 'D:/Hardware/个人项目/2023/02.武汉图科5目全景拼接/RK3588/01_Official Release/04_Product Line Branch_NVR/LIB/mosfetn_sot_323_wnm6002-3tr.txt': written successfully.
Device file 'D:/Hardware/个人项目/2023/02.武汉图科5目全景拼接/RK3588/01_Official Release/04_Product Line Branch_NVR/LIB/resistor_r0201_0r.txt': written successfully.
Device file 'D:/Hardware/个人项目/2023/02.武汉图科5目全景拼接/RK3588/01_Official Release/04_Product Line Branch_NVR/LIB/resistor_r0402_22r.txt': written successfully.
Device file 'D:/Hardware/个人项目/2023/02.武汉图科5目全景拼接/RK3588/01_Official Release/04_Product Line Branch_NVR/LIB/resistor_r0201_33r.txt': written successfully.
Device file 'D:/Hardware/个人项目/2023/02.武汉图科5目全景拼接/RK3588/01_Official Release/04_Product Line Branch_NVR/LIB/resistor_r0201_499r__1.txt': written successfully.
Device file 'D:/Hardware/个人项目/2023/02.武汉图科5目全景拼接/RK3588/01_Official Release/04_Product Line Branch_NVR/LIB/resistor_r0402_10k.txt': written successfully.
Device file 'D:/Hardware/个人项目/2023/02.武汉图科5目全景拼接/RK3588/01_Official Release/04_Product Line Branch_NVR/LIB/resistor_r0402_22r__1.txt': written successfully.
Device file 'D:/Hardware/个人项目/2023/02.武汉图科5目全景拼接/RK3588/01_Official Release/04_Product Line Branch_NVR/LIB/resistor_r0402_47k__1.txt': written successfully.
Device file 'D:/Hardware/个人项目/2023/02.武汉图科5目全景拼接/RK3588/01_Official Release/04_Product Line Branch_NVR/LIB/resistor_r0402_470r.txt': written successfully.
Device file 'D:/Hardware/个人项目/2023/02.武汉图科5目全景拼接/RK3588/01_Official Release/04_Product Line Branch_NVR/LIB/pi6c557-05ble_0_tssop20_6r50x4r.txt': written successfully.
Device file 'D:/Hardware/个人项目/2023/02.武汉图科5目全景拼接/RK3588/01_Official Release/04_Product Line Branch_NVR/LIB/capnp_c0201_1uf.txt': written successfully.
Device file 'D:/Hardware/个人项目/2023/02.武汉图科5目全景拼接/RK3588/01_Official Release/04_Product Line Branch_NVR/LIB/resistor_r0201_200r.txt': written successfully.
Device file 'D:/Hardware/个人项目/2023/02.武汉图科5目全景拼接/RK3588/01_Official Release/04_Product Line Branch_NVR/LIB/resistor_r0201_82k.txt': written successfully.
Device file 'D:/Hardware/个人项目/2023/02.武汉图科5目全景拼接/RK3588/01_Official Release/04_Product Line Branch_NVR/LIB/capnp_c0402_1uf.txt': written successfully.
Device file 'D:/Hardware/个人项目/2023/02.武汉图科5目全景拼接/RK3588/01_Official Release/04_Product Line Branch_NVR/LIB/capnp_c0201_100nf.txt': written successfully.
Device file 'D:/Hardware/个人项目/2023/02.武汉图科5目全景拼接/RK3588/01_Official Release/04_Product Line Branch_NVR/LIB/capnp_c0201_1nf.txt': written successfully.
Device file 'D:/Hardware/个人项目/2023/02.武汉图科5目全景拼接/RK3588/01_Official Release/04_Product Line Branch_NVR/LIB/capnp_c0603_10uf.txt': written successfully.
Device file 'D:/Hardware/个人项目/2023/02.武汉图科5目全景拼接/RK3588/01_Official Release/04_Product Line Branch_NVR/LIB/capnp_c0402_47uf.txt': written successfully.
Device file 'D:/Hardware/个人项目/2023/02.武汉图科5目全景拼接/RK3588/01_Official Release/04_Product Line Branch_NVR/LIB/resistor_r0201_240r.txt': written successfully.
Device file 'D:/Hardware/个人项目/2023/02.武汉图科5目全景拼接/RK3588/01_Official Release/04_Product Line Branch_NVR/LIB/resistor_r0201_10k.txt': written successfully.
Device file 'D:/Hardware/个人项目/2023/02.武汉图科5目全景拼接/RK3588/01_Official Release/04_Product Line Branch_NVR/LIB/resistor_r0603_0r.txt': written successfully.
Device file 'D:/Hardware/个人项目/2023/02.武汉图科5目全景拼接/RK3588/01_Official Release/04_Product Line Branch_NVR/LIB/lpddr4_200p_bga200_15r00x10r00x.txt': written successfully.

  Created device files: 192

